[debug] [2024-01-15T04:45:33.020Z] ----------------------------------------------------------------------
[debug] [2024-01-15T04:45:33.024Z] Command:       C:\Program Files\nodejs\node.exe C:\Users\Ankita Urkude\AppData\Roaming\npm\node_modules\firebase-tools\lib\bin\firebase.js init
[debug] [2024-01-15T04:45:33.024Z] CLI Version:   13.0.3
[debug] [2024-01-15T04:45:33.025Z] Platform:      win32
[debug] [2024-01-15T04:45:33.025Z] Node Version:  v20.10.0
[debug] [2024-01-15T04:45:33.025Z] Time:          Mon Jan 15 2024 10:15:33 GMT+0530 (India Standard Time)
[debug] [2024-01-15T04:45:33.025Z] ----------------------------------------------------------------------
[debug] 
[debug] [2024-01-15T04:45:33.033Z] > command requires scopes: ["email","openid","https://www.googleapis.com/auth/cloudplatformprojects.readonly","https://www.googleapis.com/auth/firebase","https://www.googleapis.com/auth/cloud-platform"]
[debug] [2024-01-15T04:45:33.034Z] > authorizing via signed-in user (urkudenikita6@gmail.com)
[info] 
     ######## #### ########  ######## ########     ###     ######  ########
     ##        ##  ##     ## ##       ##     ##  ##   ##  ##       ##
     ######    ##  ########  ######   ########  #########  ######  ######
     ##        ##  ##    ##  ##       ##     ## ##     ##       ## ##
     ##       #### ##     ## ######## ########  ##     ##  ######  ########

You're about to initialize a Firebase project in this directory:

  C:\Work--D\project-BCA\beauty-app

Before we get started, keep in mind:

  * You are currently outside your home directory

[info] 
=== Project Setup
[info] 
[info] First, let's associate this project directory with a Firebase project.
[info] You can create multiple project aliases by running firebase use --add, 
[info] but for now we'll just set up a default project.
[info] 
[info] i  If you want to create a project in a Google Cloud organization or folder, please use "firebase projects:create" instead, and return to this command when you've created the project. 
[debug] [2024-01-15T04:46:35.555Z] >>> [apiv2][query] POST https://cloudresourcemanager.googleapis.com/v1/projects [none]
[debug] [2024-01-15T04:46:35.555Z] >>> [apiv2][body] POST https://cloudresourcemanager.googleapis.com/v1/projects {"projectId":"beauty-app","name":"beauty-app"}
[debug] [2024-01-15T04:46:37.439Z] <<< [apiv2][status] POST https://cloudresourcemanager.googleapis.com/v1/projects 409
[debug] [2024-01-15T04:46:37.440Z] <<< [apiv2][body] POST https://cloudresourcemanager.googleapis.com/v1/projects {"error":{"code":409,"message":"Requested entity already exists","status":"ALREADY_EXISTS"}}
[debug] [2024-01-15T04:46:37.738Z] FirebaseError: HTTP Error: 409, Requested entity already exists
    at responseToError (C:\Users\Ankita Urkude\AppData\Roaming\npm\node_modules\firebase-tools\lib\responseToError.js:49:12)
    at RetryOperation._fn (C:\Users\Ankita Urkude\AppData\Roaming\npm\node_modules\firebase-tools\lib\apiv2.js:292:77)
    at process.processTicksAndRejections (node:internal/process/task_queues:95:5)
[error] 
[error] Error: Failed to create project because there is already a project with ID beauty-app. Please try again with a unique project ID.
[debug] [2024-01-15T04:46:57.360Z] ----------------------------------------------------------------------
[debug] [2024-01-15T04:46:57.363Z] Command:       C:\Program Files\nodejs\node.exe C:\Users\Ankita Urkude\AppData\Roaming\npm\node_modules\firebase-tools\lib\bin\firebase.js init
[debug] [2024-01-15T04:46:57.364Z] CLI Version:   13.0.3
[debug] [2024-01-15T04:46:57.364Z] Platform:      win32
[debug] [2024-01-15T04:46:57.364Z] Node Version:  v20.10.0
[debug] [2024-01-15T04:46:57.364Z] Time:          Mon Jan 15 2024 10:16:57 GMT+0530 (India Standard Time)
[debug] [2024-01-15T04:46:57.365Z] ----------------------------------------------------------------------
[debug] 
[debug] [2024-01-15T04:46:57.373Z] > command requires scopes: ["email","openid","https://www.googleapis.com/auth/cloudplatformprojects.readonly","https://www.googleapis.com/auth/firebase","https://www.googleapis.com/auth/cloud-platform"]
[debug] [2024-01-15T04:46:57.374Z] > authorizing via signed-in user (urkudenikita6@gmail.com)
[info] 
     ######## #### ########  ######## ########     ###     ######  ########
     ##        ##  ##     ## ##       ##     ##  ##   ##  ##       ##
     ######    ##  ########  ######   ########  #########  ######  ######
     ##        ##  ##    ##  ##       ##     ## ##     ##       ## ##
     ##       #### ##     ## ######## ########  ##     ##  ######  ########

You're about to initialize a Firebase project in this directory:

  C:\Work--D\project-BCA\beauty-app

Before we get started, keep in mind:

  * You are currently outside your home directory

[info] 
=== Project Setup
[info] 
[info] First, let's associate this project directory with a Firebase project.
[info] You can create multiple project aliases by running firebase use --add, 
[info] but for now we'll just set up a default project.
[info] 
[debug] [2024-01-15T04:47:17.519Z] >>> [apiv2][query] GET https://firebase.googleapis.com/v1beta1/availableProjects pageSize=100
[debug] [2024-01-15T04:47:18.644Z] <<< [apiv2][status] GET https://firebase.googleapis.com/v1beta1/availableProjects 200
[debug] [2024-01-15T04:47:18.644Z] <<< [apiv2][body] GET https://firebase.googleapis.com/v1beta1/availableProjects [omitted]
[debug] [2024-01-15T04:47:33.613Z] >>> [apiv2][query] POST https://firebase.googleapis.com/v1beta1/projects/eternal-psyche-404013:addFirebase [none]
[debug] [2024-01-15T04:47:34.328Z] <<< [apiv2][status] POST https://firebase.googleapis.com/v1beta1/projects/eternal-psyche-404013:addFirebase 403
[debug] [2024-01-15T04:47:34.329Z] <<< [apiv2][body] POST https://firebase.googleapis.com/v1beta1/projects/eternal-psyche-404013:addFirebase {"error":{"code":403,"message":"The caller does not have permission","status":"PERMISSION_DENIED"}}
[debug] [2024-01-15T04:47:34.330Z] HTTP Error: 403, The caller does not have permission
[debug] [2024-01-15T04:47:34.730Z] FirebaseError: HTTP Error: 403, The caller does not have permission
    at responseToError (C:\Users\Ankita Urkude\AppData\Roaming\npm\node_modules\firebase-tools\lib\responseToError.js:49:12)
    at RetryOperation._fn (C:\Users\Ankita Urkude\AppData\Roaming\npm\node_modules\firebase-tools\lib\apiv2.js:292:77)
    at process.processTicksAndRejections (node:internal/process/task_queues:95:5)
[error] 
[error] Error: Failed to add Firebase to Google Cloud Platform project. See firebase-debug.log for more info.
